<?xml version="1.0" encoding="UTF-8"?>
<!-- Generated by org.testng.reporters.JUnitXMLReporter -->
<testsuite ignored="0" hostname="LAPTOP-IQDA831J" failures="0" tests="15" name="Default test" time="43.806" errors="0" timestamp="2022-03-18T22:58:22 EET">
  <testcase classname="Vodafone.Assignment.TestCases" name="InvalidScenario" time="0.908"/>
  <testcase classname="Vodafone.Assignment.TestCases" name="InvalidEmail" time="0.781"/>
  <testcase classname="Vodafone.Assignment.TestCases" name="valid" time="0.117"/>
  <testcase classname="Vodafone.Assignment.TestCases" name="InvalidSignUp" time="3.065"/>
  <testcase classname="Vodafone.Assignment.TestCases" name="signup" time="3.623"/>
  <testcase classname="Vodafone.Assignment.TestCases" name="InvalidAuthenticateUser" time="5.643"/>
  <testcase classname="Vodafone.Assignment.TestCases" name="validAuthenticate" time="3.076"/>
  <testcase classname="Vodafone.Assignment.TestCases" name="category" time="4.017"/>
  <testcase classname="Vodafone.Assignment.TestCases" name="select" time="0.466"/>
  <testcase classname="Vodafone.Assignment.TestCases" name="check_out01" time="2.394"/>
  <testcase classname="Vodafone.Assignment.TestCases" name="check_out02" time="1.233"/>
  <testcase classname="Vodafone.Assignment.TestCases" name="check_out03" time="1.437"/>
  <testcase classname="Vodafone.Assignment.TestCases" name="terms" time="0.052"/>
  <testcase classname="Vodafone.Assignment.TestCases" name="ProcessOfCheckOut" time="5.307"/>
  <testcase classname="Vodafone.Assignment.TestCases" name="history" time="2.631"/>
</testsuite> <!-- Default test -->
