<?xml version="1.0" encoding="UTF-8"?>
<testng-results ignored="0" total="15" passed="15" failed="0" skipped="0">
  <reporter-output>
  </reporter-output>
  <suite started-at="2022-03-18T22:57:39 EET" name="Default suite" finished-at="2022-03-18T22:58:22 EET" duration-ms="43806">
    <groups>
    </groups>
    <test started-at="2022-03-18T22:57:39 EET" name="Default test" finished-at="2022-03-18T22:58:22 EET" duration-ms="43806">
      <class name="Vodafone.Assignment.TestCases">
        <test-method is-config="true" signature="OpenUrl()[pri:0, instance:Vodafone.Assignment.TestCases@6e0f5f7f]" started-at="2022-03-18T22:57:39 EET" name="OpenUrl" finished-at="2022-03-18T22:57:47 EET" duration-ms="8763" status="PASS">
          <reporter-output>
          </reporter-output>
        </test-method> <!-- OpenUrl -->
        <test-method signature="InvalidScenario()[pri:0, instance:Vodafone.Assignment.TestCases@6e0f5f7f]" started-at="2022-03-18T22:57:47 EET" name="InvalidScenario" finished-at="2022-03-18T22:57:48 EET" duration-ms="908" status="PASS">
          <reporter-output>
          </reporter-output>
        </test-method> <!-- InvalidScenario -->
        <test-method signature="InvalidEmail()[pri:1, instance:Vodafone.Assignment.TestCases@6e0f5f7f]" started-at="2022-03-18T22:57:48 EET" name="InvalidEmail" finished-at="2022-03-18T22:57:49 EET" duration-ms="781" status="PASS">
          <reporter-output>
          </reporter-output>
        </test-method> <!-- InvalidEmail -->
        <test-method signature="valid()[pri:2, instance:Vodafone.Assignment.TestCases@6e0f5f7f]" started-at="2022-03-18T22:57:49 EET" name="valid" finished-at="2022-03-18T22:57:49 EET" duration-ms="117" status="PASS">
          <reporter-output>
          </reporter-output>
        </test-method> <!-- valid -->
        <test-method signature="InvalidSignUp()[pri:3, instance:Vodafone.Assignment.TestCases@6e0f5f7f]" started-at="2022-03-18T22:57:49 EET" name="InvalidSignUp" finished-at="2022-03-18T22:57:52 EET" duration-ms="3065" status="PASS">
          <reporter-output>
          </reporter-output>
        </test-method> <!-- InvalidSignUp -->
        <test-method signature="signup()[pri:4, instance:Vodafone.Assignment.TestCases@6e0f5f7f]" started-at="2022-03-18T22:57:52 EET" name="signup" finished-at="2022-03-18T22:57:56 EET" duration-ms="3623" status="PASS">
          <reporter-output>
          </reporter-output>
        </test-method> <!-- signup -->
        <test-method signature="InvalidAuthenticateUser()[pri:5, instance:Vodafone.Assignment.TestCases@6e0f5f7f]" started-at="2022-03-18T22:57:56 EET" name="InvalidAuthenticateUser" finished-at="2022-03-18T22:58:01 EET" duration-ms="5643" status="PASS">
          <reporter-output>
          </reporter-output>
        </test-method> <!-- InvalidAuthenticateUser -->
        <test-method signature="validAuthenticate()[pri:6, instance:Vodafone.Assignment.TestCases@6e0f5f7f]" started-at="2022-03-18T22:58:01 EET" name="validAuthenticate" finished-at="2022-03-18T22:58:05 EET" duration-ms="3076" status="PASS">
          <reporter-output>
          </reporter-output>
        </test-method> <!-- validAuthenticate -->
        <test-method signature="category()[pri:7, instance:Vodafone.Assignment.TestCases@6e0f5f7f]" started-at="2022-03-18T22:58:05 EET" name="category" finished-at="2022-03-18T22:58:09 EET" duration-ms="4017" status="PASS">
          <reporter-output>
          </reporter-output>
        </test-method> <!-- category -->
        <test-method signature="select()[pri:8, instance:Vodafone.Assignment.TestCases@6e0f5f7f]" started-at="2022-03-18T22:58:09 EET" name="select" finished-at="2022-03-18T22:58:09 EET" duration-ms="466" status="PASS">
          <reporter-output>
          </reporter-output>
        </test-method> <!-- select -->
        <test-method signature="check_out01()[pri:9, instance:Vodafone.Assignment.TestCases@6e0f5f7f]" started-at="2022-03-18T22:58:09 EET" name="check_out01" finished-at="2022-03-18T22:58:11 EET" duration-ms="2394" status="PASS">
          <reporter-output>
          </reporter-output>
        </test-method> <!-- check_out01 -->
        <test-method signature="check_out02()[pri:10, instance:Vodafone.Assignment.TestCases@6e0f5f7f]" started-at="2022-03-18T22:58:11 EET" name="check_out02" finished-at="2022-03-18T22:58:13 EET" duration-ms="1233" status="PASS">
          <reporter-output>
          </reporter-output>
        </test-method> <!-- check_out02 -->
        <test-method signature="check_out03()[pri:11, instance:Vodafone.Assignment.TestCases@6e0f5f7f]" started-at="2022-03-18T22:58:13 EET" name="check_out03" finished-at="2022-03-18T22:58:14 EET" duration-ms="1437" status="PASS">
          <reporter-output>
          </reporter-output>
        </test-method> <!-- check_out03 -->
        <test-method signature="terms()[pri:11, instance:Vodafone.Assignment.TestCases@6e0f5f7f]" started-at="2022-03-18T22:58:14 EET" name="terms" finished-at="2022-03-18T22:58:14 EET" duration-ms="52" status="PASS">
          <reporter-output>
          </reporter-output>
        </test-method> <!-- terms -->
        <test-method signature="ProcessOfCheckOut()[pri:12, instance:Vodafone.Assignment.TestCases@6e0f5f7f]" started-at="2022-03-18T22:58:14 EET" name="ProcessOfCheckOut" finished-at="2022-03-18T22:58:19 EET" duration-ms="5307" status="PASS">
          <reporter-output>
          </reporter-output>
        </test-method> <!-- ProcessOfCheckOut -->
        <test-method signature="history()[pri:13, instance:Vodafone.Assignment.TestCases@6e0f5f7f]" started-at="2022-03-18T22:58:19 EET" name="history" finished-at="2022-03-18T22:58:22 EET" duration-ms="2631" status="PASS">
          <reporter-output>
          </reporter-output>
        </test-method> <!-- history -->
        <test-method is-config="true" signature="Exit()[pri:0, instance:Vodafone.Assignment.TestCases@6e0f5f7f]" started-at="2022-03-18T22:58:22 EET" name="Exit" finished-at="2022-03-18T22:58:22 EET" duration-ms="243" status="PASS">
          <reporter-output>
          </reporter-output>
        </test-method> <!-- Exit -->
      </class> <!-- Vodafone.Assignment.TestCases -->
    </test> <!-- Default test -->
  </suite> <!-- Default suite -->
</testng-results>
